<?xml version="1.0" encoding="UTF-8"?>
<testsuite xmlns:xsi="http://www.w3.org/2001/XMLSchema-instance" xsi:noNamespaceSchemaLocation="https://maven.apache.org/surefire/maven-surefire-plugin/xsd/surefire-test-report.xsd" name="com.bilgin.runners.CukesRunner" time="2.231" tests="4" errors="0" skipped="4" failures="0">
  <properties>
[...]
</properties>
  <testcase name="Kelime aratip liste yapmasini kontrol etme" classname="Google Arama ozelligi" time="0">
    <skipped message="The step &quot;kullanici google ana sayfaya gider&quot; is undefined"/>
    <system-out><![CDATA[Feature: Google Arama ozelligi

  @bunucalistir
  Scenario: Kelime aratip liste yapmasini kontrol etme                        &amp#27;[90m# src/test/resources/features/Homepage.feature:4&amp#27;[0m
    &amp#27;[33mGiven &amp#27;[0m&amp#27;[33mkullanici google ana sayfaya gider&amp#27;[0m                                  &amp#27;[90m# null&amp#27;[0m
    &amp#27;[33mWhen &amp#27;[0m&amp#27;[33mkullanici arama kutusuna bilgin yazar&amp#27;[0m                                &amp#27;[90m# null&amp#27;[0m
    &amp#27;[33mAnd &amp#27;[0m&amp#27;[33marama tusuna basar&amp#27;[0m                                                    &amp#27;[90m# null&amp#27;[0m
    &amp#27;[33mThen &amp#27;[0m&amp#27;[33mbilgin ifadesinin gectigi tum sonuclar liste halinde ekranda gorunur&amp#27;[0m &amp#27;[90m# null&amp#27;[0m
]]></system-out>
  </testcase>
  <testcase name="Kelime aratip liste yapmasini kontrol etme" classname="Google Arama ozelligi" time="0">
    <skipped message="The step &quot;kullanici arama kutusuna bilgin yazar&quot; is undefined"/>
  </testcase>
  <testcase name="Kelime aratip liste yapmasini kontrol etme" classname="Google Arama ozelligi" time="0">
    <skipped message="The step &quot;arama tusuna basar&quot; is undefined"/>
  </testcase>
  <testcase name="Kelime aratip liste yapmasini kontrol etme" classname="Google Arama ozelligi" time="0">
    <skipped message="The step &quot;bilgin ifadesinin gectigi tum sonuclar liste halinde ekranda gorunur&quot; is undefined"/>
  </testcase>
</testsuite>